{"F:\\vuepj\\src\\main.js": {"path":"F:\\vuepj\\src\\main.js","statementMap":{"0":{"start":{"line":12,"column":0},"end":{"line":12,"column":32}},"1":{"start":{"line":13,"column":0},"end":{"line":13,"column":16}},"2":{"start":{"line":15,"column":0},"end":{"line":19,"column":17}},"3":{"start":{"line":18,"column":15},"end":{"line":18,"column":21}}},"fnMap":{"0":{"name":"(anonymous_0)","decl":{"start":{"line":18,"column":10},"end":{"line":18,"column":11}},"loc":{"start":{"line":18,"column":15},"end":{"line":18,"column":21}},"line":18}},"branchMap":{},"s":{"0":0,"1":0,"2":0,"3":0},"f":{"0":0},"b":{},"hash":"653d075a2277b5437be37896b8b867f5774f4dd4"}
,"F:\\vuepj\\src\\permission.js": {"path":"F:\\vuepj\\src\\permission.js","statementMap":{"0":{"start":{"line":7,"column":18},"end":{"line":7,"column":28}},"1":{"start":{"line":9,"column":0},"end":{"line":45,"column":2}},"2":{"start":{"line":10,"column":21},"end":{"line":10,"column":31}},"3":{"start":{"line":11,"column":4},"end":{"line":44,"column":5}},"4":{"start":{"line":12,"column":8},"end":{"line":36,"column":9}},"5":{"start":{"line":13,"column":12},"end":{"line":13,"column":31}},"6":{"start":{"line":16,"column":29},"end":{"line":16,"column":82}},"7":{"start":{"line":17,"column":12},"end":{"line":35,"column":13}},"8":{"start":{"line":18,"column":16},"end":{"line":18,"column":22}},"9":{"start":{"line":20,"column":16},"end":{"line":34,"column":17}},"10":{"start":{"line":21,"column":38},"end":{"line":21,"column":74}},"11":{"start":{"line":23,"column":41},"end":{"line":23,"column":97}},"12":{"start":{"line":25,"column":20},"end":{"line":25,"column":50}},"13":{"start":{"line":27,"column":20},"end":{"line":27,"column":50}},"14":{"start":{"line":30,"column":20},"end":{"line":30,"column":59}},"15":{"start":{"line":31,"column":20},"end":{"line":31,"column":55}},"16":{"start":{"line":32,"column":20},"end":{"line":32,"column":54}},"17":{"start":{"line":38,"column":8},"end":{"line":43,"column":9}},"18":{"start":{"line":39,"column":12},"end":{"line":39,"column":18}},"19":{"start":{"line":42,"column":12},"end":{"line":42,"column":46}}},"fnMap":{"0":{"name":"(anonymous_0)","decl":{"start":{"line":9,"column":18},"end":{"line":9,"column":19}},"loc":{"start":{"line":9,"column":44},"end":{"line":45,"column":1}},"line":9}},"branchMap":{"0":{"loc":{"start":{"line":11,"column":4},"end":{"line":44,"column":5}},"type":"if","locations":[{"start":{"line":11,"column":4},"end":{"line":44,"column":5}},{"start":{"line":11,"column":4},"end":{"line":44,"column":5}}],"line":11},"1":{"loc":{"start":{"line":12,"column":8},"end":{"line":36,"column":9}},"type":"if","locations":[{"start":{"line":12,"column":8},"end":{"line":36,"column":9}},{"start":{"line":12,"column":8},"end":{"line":36,"column":9}}],"line":12},"2":{"loc":{"start":{"line":16,"column":29},"end":{"line":16,"column":82}},"type":"binary-expr","locations":[{"start":{"line":16,"column":29},"end":{"line":16,"column":48}},{"start":{"line":16,"column":52},"end":{"line":16,"column":82}}],"line":16},"3":{"loc":{"start":{"line":17,"column":12},"end":{"line":35,"column":13}},"type":"if","locations":[{"start":{"line":17,"column":12},"end":{"line":35,"column":13}},{"start":{"line":17,"column":12},"end":{"line":35,"column":13}}],"line":17},"4":{"loc":{"start":{"line":31,"column":34},"end":{"line":31,"column":54}},"type":"binary-expr","locations":[{"start":{"line":31,"column":34},"end":{"line":31,"column":39}},{"start":{"line":31,"column":43},"end":{"line":31,"column":54}}],"line":31},"5":{"loc":{"start":{"line":38,"column":8},"end":{"line":43,"column":9}},"type":"if","locations":[{"start":{"line":38,"column":8},"end":{"line":43,"column":9}},{"start":{"line":38,"column":8},"end":{"line":43,"column":9}}],"line":38}},"s":{"0":0,"1":0,"2":0,"3":0,"4":0,"5":0,"6":0,"7":0,"8":0,"9":0,"10":0,"11":0,"12":0,"13":0,"14":0,"15":0,"16":0,"17":0,"18":0,"19":0},"f":{"0":0},"b":{"0":[0,0],"1":[0,0],"2":[0,0],"3":[0,0],"4":[0,0],"5":[0,0]},"hash":"1d57bf9322c96d9412cac70d8f6f783eb73368bc"}
,"F:\\vuepj\\src\\api\\user.js": {"path":"F:\\vuepj\\src\\api\\user.js","statementMap":{"0":{"start":{"line":3,"column":4},"end":{"line":7,"column":6}},"1":{"start":{"line":10,"column":4},"end":{"line":13,"column":6}}},"fnMap":{"0":{"name":"login","decl":{"start":{"line":2,"column":16},"end":{"line":2,"column":21}},"loc":{"start":{"line":2,"column":27},"end":{"line":8,"column":1}},"line":2},"1":{"name":"getInfo","decl":{"start":{"line":9,"column":16},"end":{"line":9,"column":23}},"loc":{"start":{"line":9,"column":25},"end":{"line":14,"column":1}},"line":9}},"branchMap":{},"s":{"0":0,"1":0},"f":{"0":0,"1":0},"b":{},"hash":"4dd330a7a0c97f1542d1e2128453ded14c3b505f"}
,"F:\\vuepj\\src\\components\\Breadcrumb.vue": {"path":"F:\\vuepj\\src\\components\\Breadcrumb.vue","statementMap":{"0":{"start":{"line":16,"column":0},"end":{"line":16,"column":null}},"1":{"start":{"line":19,"column":0},"end":{"line":19,"column":null}},"2":{"start":{"line":27,"column":0},"end":{"line":27,"column":null}},"3":{"start":{"line":34,"column":0},"end":{"line":34,"column":null}},"4":{"start":{"line":38,"column":0},"end":{"line":38,"column":null}},"5":{"start":{"line":42,"column":0},"end":{"line":42,"column":null}},"6":{"start":{"line":44,"column":0},"end":{"line":48,"column":null}},"7":{"start":{"line":45,"column":0},"end":{"line":46,"column":null}},"8":{"start":{"line":50,"column":0},"end":{"line":50,"column":null}},"9":{"start":{"line":53,"column":0},"end":{"line":53,"column":null}},"10":{"start":{"line":54,"column":0},"end":{"line":56,"column":null}},"11":{"start":{"line":55,"column":0},"end":{"line":55,"column":null}},"12":{"start":{"line":57,"column":0},"end":{"line":57,"column":null}},"13":{"start":{"line":60,"column":0},"end":{"line":60,"column":null}},"14":{"start":{"line":61,"column":0},"end":{"line":61,"column":null}},"15":{"start":{"line":62,"column":0},"end":{"line":62,"column":null}},"16":{"start":{"line":65,"column":0},"end":{"line":65,"column":null}},"17":{"start":{"line":67,"column":0},"end":{"line":70,"column":null}},"18":{"start":{"line":68,"column":0},"end":{"line":68,"column":null}},"19":{"start":{"line":69,"column":0},"end":{"line":69,"column":null}},"20":{"start":{"line":72,"column":0},"end":{"line":72,"column":null}}},"fnMap":{"0":{"name":"(anonymous_1)","decl":{"start":{"line":18,"column":0},"end":{"line":18,"column":null}},"loc":{"start":{"line":18,"column":0},"end":{"line":22,"column":null}}},"1":{"name":"(anonymous_2)","decl":{"start":{"line":26,"column":0},"end":{"line":26,"column":null}},"loc":{"start":{"line":26,"column":0},"end":{"line":28,"column":null}}},"2":{"name":"(anonymous_3)","decl":{"start":{"line":33,"column":0},"end":{"line":33,"column":null}},"loc":{"start":{"line":33,"column":0},"end":{"line":51,"column":null}}},"3":{"name":"(anonymous_4)","decl":{"start":{"line":38,"column":0},"end":{"line":38,"column":null}},"loc":{"start":{"line":38,"column":0},"end":{"line":38,"column":null}}},"4":{"name":"(anonymous_5)","decl":{"start":{"line":52,"column":0},"end":{"line":52,"column":null}},"loc":{"start":{"line":52,"column":0},"end":{"line":58,"column":null}}},"5":{"name":"(anonymous_6)","decl":{"start":{"line":59,"column":0},"end":{"line":59,"column":null}},"loc":{"start":{"line":59,"column":0},"end":{"line":63,"column":null}}},"6":{"name":"(anonymous_7)","decl":{"start":{"line":64,"column":0},"end":{"line":64,"column":null}},"loc":{"start":{"line":64,"column":0},"end":{"line":73,"column":null}}}},"branchMap":{"0":{"loc":{"start":{"line":38,"column":0},"end":{"line":38,"column":null}},"type":"binary-expr","locations":[{"start":{"line":38,"column":0},"end":{"line":38,"column":null}},{"start":{"line":38,"column":0},"end":{"line":38,"column":null}},{"start":{"line":38,"column":0},"end":{"line":38,"column":null}}]},"1":{"loc":{"start":{"line":44,"column":0},"end":{"line":48,"column":null}},"type":"if","locations":[{"start":{"line":44,"column":0},"end":{"line":48,"column":null}},{"start":{"line":44,"column":0},"end":{"line":48,"column":null}}]},"2":{"loc":{"start":{"line":53,"column":0},"end":{"line":53,"column":null}},"type":"binary-expr","locations":[{"start":{"line":53,"column":0},"end":{"line":53,"column":null}},{"start":{"line":53,"column":0},"end":{"line":53,"column":null}}]},"3":{"loc":{"start":{"line":54,"column":0},"end":{"line":56,"column":null}},"type":"if","locations":[{"start":{"line":54,"column":0},"end":{"line":56,"column":null}},{"start":{"line":54,"column":0},"end":{"line":56,"column":null}}]},"4":{"loc":{"start":{"line":67,"column":0},"end":{"line":70,"column":null}},"type":"if","locations":[{"start":{"line":67,"column":0},"end":{"line":70,"column":null}},{"start":{"line":67,"column":0},"end":{"line":70,"column":null}}]}},"s":{"0":0,"1":0,"2":0,"3":0,"4":0,"5":0,"6":0,"7":0,"8":0,"9":0,"10":0,"11":0,"12":0,"13":0,"14":0,"15":0,"16":0,"17":0,"18":0,"19":0,"20":0},"f":{"0":0,"1":0,"2":0,"3":0,"4":0,"5":0,"6":0},"b":{"0":[0,0,0],"1":[0,0],"2":[0,0],"3":[0,0],"4":[0,0]}}
,"F:\\vuepj\\src\\components\\SvgIcon.vue": {"path":"F:\\vuepj\\src\\components\\SvgIcon.vue","statementMap":{"0":{"start":{"line":21,"column":0},"end":{"line":21,"column":null}},"1":{"start":{"line":24,"column":0},"end":{"line":28,"column":null}},"2":{"start":{"line":25,"column":0},"end":{"line":25,"column":null}},"3":{"start":{"line":27,"column":0},"end":{"line":27,"column":null}}},"fnMap":{"0":{"name":"(anonymous_1)","decl":{"start":{"line":20,"column":0},"end":{"line":20,"column":null}},"loc":{"start":{"line":20,"column":0},"end":{"line":22,"column":null}}},"1":{"name":"(anonymous_2)","decl":{"start":{"line":23,"column":0},"end":{"line":23,"column":null}},"loc":{"start":{"line":23,"column":0},"end":{"line":29,"column":null}}}},"branchMap":{"0":{"loc":{"start":{"line":24,"column":0},"end":{"line":28,"column":null}},"type":"if","locations":[{"start":{"line":24,"column":0},"end":{"line":28,"column":null}},{"start":{"line":24,"column":0},"end":{"line":28,"column":null}}]}},"s":{"0":0,"1":0,"2":0,"3":0},"f":{"0":0,"1":0},"b":{"0":[0,0]}}
,"F:\\vuepj\\src\\components\\kaikeba.vue": {"path":"F:\\vuepj\\src\\components\\kaikeba.vue","statementMap":{"0":{"start":{"line":1,"column":1},"end":{"line":33,"column":4}},"1":{"start":{"line":4,"column":0},"end":{"line":6,"column":3}},"2":{"start":{"line":7,"column":0},"end":{"line":7,"column":25}},"3":{"start":{"line":14,"column":15},"end":{"line":31,"column":1}},"4":{"start":{"line":16,"column":4},"end":{"line":18,"column":6}},"5":{"start":{"line":22,"column":4},"end":{"line":22,"column":25}},"6":{"start":{"line":27,"column":6},"end":{"line":27,"column":28}},"7":{"start":{"line":32,"column":0},"end":{"line":32,"column":27}},"8":{"start":{"line":34,"column":20},"end":{"line":34,"column":89}},"9":{"start":{"line":34,"column":114},"end":{"line":34,"column":187}},"10":{"start":{"line":35,"column":0},"end":{"line":35,"column":238}},"11":{"start":{"line":35,"column":54},"end":{"line":35,"column":58}},"12":{"start":{"line":35,"column":66},"end":{"line":35,"column":84}},"13":{"start":{"line":35,"column":92},"end":{"line":35,"column":108}},"14":{"start":{"line":35,"column":109},"end":{"line":35,"column":237}},"15":{"start":{"line":36,"column":0},"end":{"line":36,"column":37}}},"fnMap":{"0":{"name":"(anonymous_0)","decl":{"start":{"line":1,"column":2},"end":{"line":1,"column":3}},"loc":{"start":{"line":1,"column":12},"end":{"line":33,"column":1}},"line":1},"1":{"name":"(anonymous_1)","decl":{"start":{"line":15,"column":2},"end":{"line":15,"column":3}},"loc":{"start":{"line":15,"column":9},"end":{"line":19,"column":3}},"line":15},"2":{"name":"(anonymous_2)","decl":{"start":{"line":21,"column":2},"end":{"line":21,"column":3}},"loc":{"start":{"line":21,"column":12},"end":{"line":23,"column":3}},"line":21},"3":{"name":"(anonymous_3)","decl":{"start":{"line":26,"column":4},"end":{"line":26,"column":5}},"loc":{"start":{"line":26,"column":16},"end":{"line":28,"column":5}},"line":26},"4":{"name":"render","decl":{"start":{"line":35,"column":35},"end":{"line":35,"column":41}},"loc":{"start":{"line":35,"column":45},"end":{"line":35,"column":238}},"line":35}},"branchMap":{"0":{"loc":{"start":{"line":34,"column":20},"end":{"line":34,"column":89}},"type":"cond-expr","locations":[{"start":{"line":34,"column":50},"end":{"line":34,"column":72}},{"start":{"line":34,"column":75},"end":{"line":34,"column":89}}],"line":34},"1":{"loc":{"start":{"line":34,"column":114},"end":{"line":34,"column":187}},"type":"cond-expr","locations":[{"start":{"line":34,"column":151},"end":{"line":34,"column":172}},{"start":{"line":34,"column":174},"end":{"line":34,"column":187}}],"line":34},"2":{"loc":{"start":{"line":35,"column":92},"end":{"line":35,"column":108}},"type":"binary-expr","locations":[{"start":{"line":35,"column":92},"end":{"line":35,"column":104}},{"start":{"line":35,"column":106},"end":{"line":35,"column":108}}],"line":35}},"s":{"0":1,"1":1,"2":1,"3":1,"4":1,"5":0,"6":0,"7":1,"8":1,"9":1,"10":1,"11":0,"12":0,"13":0,"14":0,"15":1},"f":{"0":1,"1":1,"2":0,"3":0,"4":0},"b":{"0":[1,0],"1":[0,1],"2":[0,0]},"_coverageSchema":"43e27e138ebf9cfc5966b082cf9a028302ed4184","hash":"52d955b9dbade6204983e0f6036d1da9d2a19d14"}
,"F:\\vuepj\\src\\components\\SideBar\\Item.vue": {"path":"F:\\vuepj\\src\\components\\SideBar\\Item.vue","statementMap":{"0":{"start":{"line":16,"column":0},"end":{"line":16,"column":null}},"1":{"start":{"line":17,"column":0},"end":{"line":17,"column":null}},"2":{"start":{"line":20,"column":0},"end":{"line":23,"column":null}},"3":{"start":{"line":22,"column":0},"end":{"line":22,"column":null}},"4":{"start":{"line":25,"column":0},"end":{"line":27,"column":null}},"5":{"start":{"line":26,"column":0},"end":{"line":26,"column":null}},"6":{"start":{"line":28,"column":0},"end":{"line":28,"column":null}}},"fnMap":{"0":{"name":"(anonymous_1)","decl":{"start":{"line":15,"column":0},"end":{"line":15,"column":null}},"loc":{"start":{"line":15,"column":0},"end":{"line":29,"column":null}}}},"branchMap":{"0":{"loc":{"start":{"line":20,"column":0},"end":{"line":23,"column":null}},"type":"if","locations":[{"start":{"line":20,"column":0},"end":{"line":23,"column":null}},{"start":{"line":20,"column":0},"end":{"line":23,"column":null}}]},"1":{"loc":{"start":{"line":25,"column":0},"end":{"line":27,"column":null}},"type":"if","locations":[{"start":{"line":25,"column":0},"end":{"line":27,"column":null}},{"start":{"line":25,"column":0},"end":{"line":27,"column":null}}]}},"s":{"0":0,"1":0,"2":0,"3":0,"4":0,"5":0,"6":0},"f":{"0":0},"b":{"0":[0,0],"1":[0,0]}}
,"F:\\vuepj\\src\\components\\SideBar\\SidebarItem.vue": {"path":"F:\\vuepj\\src\\components\\SideBar\\SidebarItem.vue","statementMap":{"0":{"start":{"line":31,"column":0},"end":{"line":31,"column":null}},"1":{"start":{"line":32,"column":0},"end":{"line":32,"column":null}},"2":{"start":{"line":53,"column":0},"end":{"line":53,"column":null}},"3":{"start":{"line":54,"column":0},"end":{"line":54,"column":null}},"4":{"start":{"line":58,"column":0},"end":{"line":66,"column":null}},"5":{"start":{"line":59,"column":0},"end":{"line":65,"column":null}},"6":{"start":{"line":60,"column":0},"end":{"line":60,"column":null}},"7":{"start":{"line":63,"column":0},"end":{"line":63,"column":null}},"8":{"start":{"line":64,"column":0},"end":{"line":64,"column":null}},"9":{"start":{"line":69,"column":0},"end":{"line":71,"column":null}},"10":{"start":{"line":70,"column":0},"end":{"line":70,"column":null}},"11":{"start":{"line":74,"column":0},"end":{"line":77,"column":null}},"12":{"start":{"line":75,"column":0},"end":{"line":75,"column":null}},"13":{"start":{"line":76,"column":0},"end":{"line":76,"column":null}},"14":{"start":{"line":79,"column":0},"end":{"line":79,"column":null}},"15":{"start":{"line":82,"column":0},"end":{"line":82,"column":null}}},"fnMap":{"0":{"name":"(anonymous_1)","decl":{"start":{"line":52,"column":0},"end":{"line":52,"column":null}},"loc":{"start":{"line":52,"column":0},"end":{"line":55,"column":null}}},"1":{"name":"(anonymous_2)","decl":{"start":{"line":57,"column":0},"end":{"line":57,"column":null}},"loc":{"start":{"line":57,"column":0},"end":{"line":80,"column":null}}},"2":{"name":"(anonymous_3)","decl":{"start":{"line":58,"column":0},"end":{"line":58,"column":null}},"loc":{"start":{"line":58,"column":0},"end":{"line":66,"column":null}}},"3":{"name":"(anonymous_4)","decl":{"start":{"line":81,"column":0},"end":{"line":81,"column":null}},"loc":{"start":{"line":81,"column":0},"end":{"line":83,"column":null}}}},"branchMap":{"0":{"loc":{"start":{"line":57,"column":0},"end":{"line":57,"column":null}},"type":"default-arg","locations":[{"start":{"line":57,"column":0},"end":{"line":57,"column":null}}]},"1":{"loc":{"start":{"line":59,"column":0},"end":{"line":65,"column":null}},"type":"if","locations":[{"start":{"line":59,"column":0},"end":{"line":65,"column":null}},{"start":{"line":59,"column":0},"end":{"line":65,"column":null}}]},"2":{"loc":{"start":{"line":69,"column":0},"end":{"line":71,"column":null}},"type":"if","locations":[{"start":{"line":69,"column":0},"end":{"line":71,"column":null}},{"start":{"line":69,"column":0},"end":{"line":71,"column":null}}]},"3":{"loc":{"start":{"line":74,"column":0},"end":{"line":77,"column":null}},"type":"if","locations":[{"start":{"line":74,"column":0},"end":{"line":77,"column":null}},{"start":{"line":74,"column":0},"end":{"line":77,"column":null}}]}},"s":{"0":0,"1":0,"2":0,"3":0,"4":0,"5":0,"6":0,"7":0,"8":0,"9":0,"10":0,"11":0,"12":0,"13":0,"14":0,"15":0},"f":{"0":0,"1":0,"2":0,"3":0},"b":{"0":[0],"1":[0,0],"2":[0,0],"3":[0,0]}}
,"F:\\vuepj\\src\\components\\SideBar\\index.vue": {"path":"F:\\vuepj\\src\\components\\SideBar\\index.vue","statementMap":{"0":{"start":{"line":25,"column":0},"end":{"line":25,"column":null}},"1":{"start":{"line":26,"column":0},"end":{"line":26,"column":null}},"2":{"start":{"line":33,"column":0},"end":{"line":33,"column":null}},"3":{"start":{"line":34,"column":0},"end":{"line":34,"column":null}},"4":{"start":{"line":36,"column":0},"end":{"line":38,"column":null}},"5":{"start":{"line":37,"column":0},"end":{"line":37,"column":null}},"6":{"start":{"line":39,"column":0},"end":{"line":39,"column":null}},"7":{"start":{"line":42,"column":0},"end":{"line":42,"column":null}}},"fnMap":{"0":{"name":"(anonymous_1)","decl":{"start":{"line":32,"column":0},"end":{"line":32,"column":null}},"loc":{"start":{"line":32,"column":0},"end":{"line":40,"column":null}}},"1":{"name":"(anonymous_2)","decl":{"start":{"line":41,"column":0},"end":{"line":41,"column":null}},"loc":{"start":{"line":41,"column":0},"end":{"line":47,"column":null}}}},"branchMap":{"0":{"loc":{"start":{"line":36,"column":0},"end":{"line":38,"column":null}},"type":"if","locations":[{"start":{"line":36,"column":0},"end":{"line":38,"column":null}},{"start":{"line":36,"column":0},"end":{"line":38,"column":null}}]}},"s":{"0":0,"1":0,"2":0,"3":0,"4":0,"5":0,"6":0,"7":0},"f":{"0":0,"1":0},"b":{"0":[0,0]}}
,"F:\\vuepj\\src\\icons\\index.js": {"path":"F:\\vuepj\\src\\icons\\index.js","statementMap":{"0":{"start":{"line":5,"column":0},"end":{"line":5,"column":35}},"1":{"start":{"line":14,"column":12},"end":{"line":14,"column":53}},"2":{"start":{"line":15,"column":0},"end":{"line":15,"column":20}}},"fnMap":{},"branchMap":{},"s":{"0":0,"1":0,"2":0},"f":{},"b":{},"hash":"c6b902d4f1a72af4bc284e26cd1a3c53c57b1a93"}
,"F:\\vuepj\\src\\layout\\index.vue": {"path":"F:\\vuepj\\src\\layout\\index.vue","statementMap":{"0":{"start":{"line":11,"column":0},"end":{"line":11,"column":null}},"1":{"start":{"line":12,"column":0},"end":{"line":12,"column":null}}},"fnMap":{},"branchMap":{},"s":{"0":0,"1":0},"f":{},"b":{}}
,"F:\\vuepj\\src\\router\\index.js": {"path":"F:\\vuepj\\src\\router\\index.js","statementMap":{"0":{"start":{"line":5,"column":0},"end":{"line":5,"column":18}},"1":{"start":{"line":7,"column":27},"end":{"line":42,"column":1}},"2":{"start":{"line":10,"column":21},"end":{"line":10,"column":44}},"3":{"start":{"line":25,"column":27},"end":{"line":25,"column":53}},"4":{"start":{"line":34,"column":27},"end":{"line":34,"column":53}},"5":{"start":{"line":45,"column":27},"end":{"line":68,"column":1}},"6":{"start":{"line":57,"column":27},"end":{"line":57,"column":86}},"7":{"start":{"line":71,"column":15},"end":{"line":75,"column":2}}},"fnMap":{"0":{"name":"(anonymous_0)","decl":{"start":{"line":10,"column":15},"end":{"line":10,"column":16}},"loc":{"start":{"line":10,"column":21},"end":{"line":10,"column":44}},"line":10},"1":{"name":"(anonymous_1)","decl":{"start":{"line":25,"column":21},"end":{"line":25,"column":22}},"loc":{"start":{"line":25,"column":27},"end":{"line":25,"column":53}},"line":25},"2":{"name":"(anonymous_2)","decl":{"start":{"line":34,"column":21},"end":{"line":34,"column":22}},"loc":{"start":{"line":34,"column":27},"end":{"line":34,"column":53}},"line":34},"3":{"name":"(anonymous_3)","decl":{"start":{"line":57,"column":21},"end":{"line":57,"column":22}},"loc":{"start":{"line":57,"column":27},"end":{"line":57,"column":86}},"line":57}},"branchMap":{},"s":{"0":0,"1":0,"2":0,"3":0,"4":0,"5":0,"6":0,"7":0},"f":{"0":0,"1":0,"2":0,"3":0},"b":{},"hash":"9f4b22fe85eff86daf15fe7da2a73b4125eb00dc"}
,"F:\\vuepj\\src\\server\\index.js": {"path":"F:\\vuepj\\src\\server\\index.js","statementMap":{"0":{"start":{"line":1,"column":16},"end":{"line":1,"column":34}},"1":{"start":{"line":2,"column":12},"end":{"line":2,"column":21}},"2":{"start":{"line":3,"column":19},"end":{"line":3,"column":41}},"3":{"start":{"line":4,"column":0},"end":{"line":4,"column":27}},"4":{"start":{"line":5,"column":0},"end":{"line":9,"column":2}},"5":{"start":{"line":10,"column":0},"end":{"line":24,"column":3}},"6":{"start":{"line":11,"column":25},"end":{"line":11,"column":33}},"7":{"start":{"line":12,"column":4},"end":{"line":23,"column":5}},"8":{"start":{"line":13,"column":8},"end":{"line":16,"column":11}},"9":{"start":{"line":17,"column":8},"end":{"line":17,"column":27}},"10":{"start":{"line":19,"column":8},"end":{"line":22,"column":11}},"11":{"start":{"line":25,"column":0},"end":{"line":31,"column":3}},"12":{"start":{"line":26,"column":18},"end":{"line":26,"column":77}},"13":{"start":{"line":27,"column":4},"end":{"line":30,"column":7}},"14":{"start":{"line":32,"column":0},"end":{"line":34,"column":3}},"15":{"start":{"line":33,"column":4},"end":{"line":33,"column":31}}},"fnMap":{"0":{"name":"(anonymous_0)","decl":{"start":{"line":10,"column":24},"end":{"line":10,"column":25}},"loc":{"start":{"line":10,"column":38},"end":{"line":24,"column":1}},"line":10},"1":{"name":"(anonymous_1)","decl":{"start":{"line":25,"column":22},"end":{"line":25,"column":23}},"loc":{"start":{"line":25,"column":36},"end":{"line":31,"column":1}},"line":25},"2":{"name":"(anonymous_2)","decl":{"start":{"line":32,"column":16},"end":{"line":32,"column":17}},"loc":{"start":{"line":32,"column":20},"end":{"line":34,"column":1}},"line":32}},"branchMap":{"0":{"loc":{"start":{"line":12,"column":4},"end":{"line":23,"column":5}},"type":"if","locations":[{"start":{"line":12,"column":4},"end":{"line":23,"column":5}},{"start":{"line":12,"column":4},"end":{"line":23,"column":5}}],"line":12},"1":{"loc":{"start":{"line":12,"column":8},"end":{"line":12,"column":52}},"type":"binary-expr","locations":[{"start":{"line":12,"column":8},"end":{"line":12,"column":28}},{"start":{"line":12,"column":32},"end":{"line":12,"column":52}}],"line":12},"2":{"loc":{"start":{"line":26,"column":18},"end":{"line":26,"column":77}},"type":"cond-expr","locations":[{"start":{"line":26,"column":55},"end":{"line":26,"column":64}},{"start":{"line":26,"column":67},"end":{"line":26,"column":77}}],"line":26}},"s":{"0":0,"1":0,"2":0,"3":0,"4":0,"5":0,"6":0,"7":0,"8":0,"9":0,"10":0,"11":0,"12":0,"13":0,"14":0,"15":0},"f":{"0":0,"1":0,"2":0},"b":{"0":[0,0],"1":[0,0],"2":[0,0]},"hash":"abf5a1ec3e08564d6ea3b22c925d3de0a45024fd"}
,"F:\\vuepj\\src\\store\\index.js": {"path":"F:\\vuepj\\src\\store\\index.js","statementMap":{"0":{"start":{"line":6,"column":0},"end":{"line":6,"column":13}},"1":{"start":{"line":8,"column":14},"end":{"line":16,"column":2}},"2":{"start":{"line":12,"column":20},"end":{"line":12,"column":36}},"3":{"start":{"line":13,"column":32},"end":{"line":13,"column":55}},"4":{"start":{"line":14,"column":20},"end":{"line":14,"column":36}}},"fnMap":{"0":{"name":"(anonymous_0)","decl":{"start":{"line":12,"column":11},"end":{"line":12,"column":12}},"loc":{"start":{"line":12,"column":20},"end":{"line":12,"column":36}},"line":12},"1":{"name":"(anonymous_1)","decl":{"start":{"line":13,"column":23},"end":{"line":13,"column":24}},"loc":{"start":{"line":13,"column":32},"end":{"line":13,"column":55}},"line":13},"2":{"name":"(anonymous_2)","decl":{"start":{"line":14,"column":11},"end":{"line":14,"column":12}},"loc":{"start":{"line":14,"column":20},"end":{"line":14,"column":36}},"line":14}},"branchMap":{},"s":{"0":0,"1":0,"2":0,"3":0,"4":0},"f":{"0":0,"1":0,"2":0},"b":{},"hash":"c3562086ced6a880bf99b0208ae09a64bf800dea"}
,"F:\\vuepj\\src\\store\\modules\\permission.js": {"path":"F:\\vuepj\\src\\store\\modules\\permission.js","statementMap":{"0":{"start":{"line":9,"column":4},"end":{"line":15,"column":5}},"1":{"start":{"line":11,"column":8},"end":{"line":11,"column":67}},"2":{"start":{"line":11,"column":34},"end":{"line":11,"column":65}},"3":{"start":{"line":14,"column":8},"end":{"line":14,"column":20}},"4":{"start":{"line":23,"column":16},"end":{"line":23,"column":18}},"5":{"start":{"line":24,"column":4},"end":{"line":35,"column":7}},"6":{"start":{"line":26,"column":20},"end":{"line":26,"column":32}},"7":{"start":{"line":28,"column":8},"end":{"line":34,"column":9}},"8":{"start":{"line":30,"column":12},"end":{"line":32,"column":13}},"9":{"start":{"line":31,"column":16},"end":{"line":31,"column":70}},"10":{"start":{"line":33,"column":12},"end":{"line":33,"column":26}},"11":{"start":{"line":36,"column":4},"end":{"line":36,"column":15}},"12":{"start":{"line":38,"column":14},"end":{"line":41,"column":1}},"13":{"start":{"line":42,"column":18},"end":{"line":47,"column":1}},"14":{"start":{"line":44,"column":8},"end":{"line":44,"column":33}},"15":{"start":{"line":45,"column":8},"end":{"line":45,"column":50}},"16":{"start":{"line":48,"column":16},"end":{"line":64,"column":1}},"17":{"start":{"line":51,"column":8},"end":{"line":62,"column":11}},"18":{"start":{"line":54,"column":12},"end":{"line":59,"column":13}},"19":{"start":{"line":55,"column":16},"end":{"line":55,"column":51}},"20":{"start":{"line":58,"column":16},"end":{"line":58,"column":71}},"21":{"start":{"line":60,"column":12},"end":{"line":60,"column":49}},"22":{"start":{"line":61,"column":12},"end":{"line":61,"column":36}}},"fnMap":{"0":{"name":"hasPermission","decl":{"start":{"line":7,"column":9},"end":{"line":7,"column":22}},"loc":{"start":{"line":7,"column":37},"end":{"line":16,"column":1}},"line":7},"1":{"name":"(anonymous_1)","decl":{"start":{"line":11,"column":26},"end":{"line":11,"column":27}},"loc":{"start":{"line":11,"column":34},"end":{"line":11,"column":65}},"line":11},"2":{"name":"filterAsyncRoutes","decl":{"start":{"line":22,"column":16},"end":{"line":22,"column":33}},"loc":{"start":{"line":22,"column":49},"end":{"line":37,"column":1}},"line":22},"3":{"name":"(anonymous_3)","decl":{"start":{"line":24,"column":19},"end":{"line":24,"column":20}},"loc":{"start":{"line":24,"column":28},"end":{"line":35,"column":5}},"line":24},"4":{"name":"(anonymous_4)","decl":{"start":{"line":43,"column":16},"end":{"line":43,"column":17}},"loc":{"start":{"line":43,"column":35},"end":{"line":46,"column":5}},"line":43},"5":{"name":"(anonymous_5)","decl":{"start":{"line":50,"column":4},"end":{"line":50,"column":5}},"loc":{"start":{"line":50,"column":38},"end":{"line":63,"column":5}},"line":50},"6":{"name":"(anonymous_6)","decl":{"start":{"line":51,"column":27},"end":{"line":51,"column":28}},"loc":{"start":{"line":51,"column":38},"end":{"line":62,"column":9}},"line":51}},"branchMap":{"0":{"loc":{"start":{"line":9,"column":4},"end":{"line":15,"column":5}},"type":"if","locations":[{"start":{"line":9,"column":4},"end":{"line":15,"column":5}},{"start":{"line":9,"column":4},"end":{"line":15,"column":5}}],"line":9},"1":{"loc":{"start":{"line":9,"column":8},"end":{"line":9,"column":38}},"type":"binary-expr","locations":[{"start":{"line":9,"column":8},"end":{"line":9,"column":18}},{"start":{"line":9,"column":22},"end":{"line":9,"column":38}}],"line":9},"2":{"loc":{"start":{"line":28,"column":8},"end":{"line":34,"column":9}},"type":"if","locations":[{"start":{"line":28,"column":8},"end":{"line":34,"column":9}},{"start":{"line":28,"column":8},"end":{"line":34,"column":9}}],"line":28},"3":{"loc":{"start":{"line":30,"column":12},"end":{"line":32,"column":13}},"type":"if","locations":[{"start":{"line":30,"column":12},"end":{"line":32,"column":13}},{"start":{"line":30,"column":12},"end":{"line":32,"column":13}}],"line":30},"4":{"loc":{"start":{"line":54,"column":12},"end":{"line":59,"column":13}},"type":"if","locations":[{"start":{"line":54,"column":12},"end":{"line":59,"column":13}},{"start":{"line":54,"column":12},"end":{"line":59,"column":13}}],"line":54},"5":{"loc":{"start":{"line":55,"column":33},"end":{"line":55,"column":50}},"type":"binary-expr","locations":[{"start":{"line":55,"column":33},"end":{"line":55,"column":44}},{"start":{"line":55,"column":48},"end":{"line":55,"column":50}}],"line":55}},"s":{"0":0,"1":0,"2":0,"3":0,"4":0,"5":0,"6":0,"7":0,"8":0,"9":0,"10":0,"11":0,"12":0,"13":0,"14":0,"15":0,"16":0,"17":0,"18":0,"19":0,"20":0,"21":0,"22":0},"f":{"0":0,"1":0,"2":0,"3":0,"4":0,"5":0,"6":0},"b":{"0":[0,0],"1":[0,0],"2":[0,0],"3":[0,0],"4":[0,0],"5":[0,0]},"hash":"5d2869b52317f547cc47bb85bace6e5f8d54332b"}
,"F:\\vuepj\\src\\store\\modules\\user.js": {"path":"F:\\vuepj\\src\\store\\modules\\user.js","statementMap":{"0":{"start":{"line":7,"column":14},"end":{"line":10,"column":1}},"1":{"start":{"line":12,"column":18},"end":{"line":20,"column":1}},"2":{"start":{"line":14,"column":8},"end":{"line":14,"column":27}},"3":{"start":{"line":18,"column":8},"end":{"line":18,"column":28}},"4":{"start":{"line":22,"column":16},"end":{"line":62,"column":1}},"5":{"start":{"line":24,"column":8},"end":{"line":27,"column":10}},"6":{"start":{"line":25,"column":12},"end":{"line":25,"column":40}},"7":{"start":{"line":26,"column":12},"end":{"line":26,"column":30}},"8":{"start":{"line":42,"column":8},"end":{"line":45,"column":10}},"9":{"start":{"line":43,"column":18},"end":{"line":43,"column":44}},"10":{"start":{"line":44,"column":18},"end":{"line":44,"column":32}},"11":{"start":{"line":55,"column":8},"end":{"line":60,"column":11}},"12":{"start":{"line":56,"column":8},"end":{"line":56,"column":31}},"13":{"start":{"line":57,"column":8},"end":{"line":57,"column":31}},"14":{"start":{"line":58,"column":8},"end":{"line":58,"column":21}},"15":{"start":{"line":59,"column":8},"end":{"line":59,"column":17}}},"fnMap":{"0":{"name":"(anonymous_0)","decl":{"start":{"line":13,"column":15},"end":{"line":13,"column":16}},"loc":{"start":{"line":13,"column":33},"end":{"line":16,"column":5}},"line":13},"1":{"name":"(anonymous_1)","decl":{"start":{"line":17,"column":15},"end":{"line":17,"column":16}},"loc":{"start":{"line":17,"column":33},"end":{"line":19,"column":5}},"line":17},"2":{"name":"(anonymous_2)","decl":{"start":{"line":23,"column":4},"end":{"line":23,"column":5}},"loc":{"start":{"line":23,"column":31},"end":{"line":40,"column":5}},"line":23},"3":{"name":"(anonymous_3)","decl":{"start":{"line":24,"column":36},"end":{"line":24,"column":37}},"loc":{"start":{"line":24,"column":41},"end":{"line":27,"column":9}},"line":24},"4":{"name":"(anonymous_4)","decl":{"start":{"line":41,"column":4},"end":{"line":41,"column":5}},"loc":{"start":{"line":41,"column":29},"end":{"line":53,"column":5}},"line":41},"5":{"name":"(anonymous_5)","decl":{"start":{"line":42,"column":41},"end":{"line":42,"column":42}},"loc":{"start":{"line":42,"column":59},"end":{"line":45,"column":9}},"line":42},"6":{"name":"(anonymous_6)","decl":{"start":{"line":54,"column":4},"end":{"line":54,"column":5}},"loc":{"start":{"line":54,"column":27},"end":{"line":61,"column":9}},"line":54},"7":{"name":"(anonymous_7)","decl":{"start":{"line":55,"column":27},"end":{"line":55,"column":28}},"loc":{"start":{"line":55,"column":38},"end":{"line":60,"column":9}},"line":55}},"branchMap":{},"s":{"0":0,"1":0,"2":0,"3":0,"4":0,"5":0,"6":0,"7":0,"8":0,"9":0,"10":0,"11":0,"12":0,"13":0,"14":0,"15":0},"f":{"0":0,"1":0,"2":0,"3":0,"4":0,"5":0,"6":0,"7":0},"b":{},"hash":"07725c9c9e3eb17db1adb0b5169dea41e6cb4263"}
,"F:\\vuepj\\src\\utils\\auth.js": {"path":"F:\\vuepj\\src\\utils\\auth.js","statementMap":{"0":{"start":{"line":2,"column":14},"end":{"line":2,"column":21}},"1":{"start":{"line":5,"column":4},"end":{"line":5,"column":29}},"2":{"start":{"line":9,"column":4},"end":{"line":9,"column":37}},"3":{"start":{"line":12,"column":4},"end":{"line":12,"column":33}}},"fnMap":{"0":{"name":"getToken","decl":{"start":{"line":4,"column":16},"end":{"line":4,"column":24}},"loc":{"start":{"line":4,"column":27},"end":{"line":6,"column":1}},"line":4},"1":{"name":"setToken","decl":{"start":{"line":8,"column":16},"end":{"line":8,"column":24}},"loc":{"start":{"line":8,"column":32},"end":{"line":10,"column":1}},"line":8},"2":{"name":"removeToken","decl":{"start":{"line":11,"column":16},"end":{"line":11,"column":27}},"loc":{"start":{"line":11,"column":29},"end":{"line":13,"column":1}},"line":11}},"branchMap":{},"s":{"0":0,"1":0,"2":0,"3":0},"f":{"0":0,"1":0,"2":0},"b":{},"hash":"4524d4716be8356b63d3e6b38ea633b787d36d36"}
,"F:\\vuepj\\src\\utils\\request.js": {"path":"F:\\vuepj\\src\\utils\\request.js","statementMap":{"0":{"start":{"line":6,"column":16},"end":{"line":10,"column":2}},"1":{"start":{"line":12,"column":0},"end":{"line":26,"column":2}},"2":{"start":{"line":15,"column":8},"end":{"line":18,"column":9}},"3":{"start":{"line":17,"column":12},"end":{"line":17,"column":51}},"4":{"start":{"line":19,"column":8},"end":{"line":19,"column":22}},"5":{"start":{"line":24,"column":8},"end":{"line":24,"column":37}},"6":{"start":{"line":28,"column":0},"end":{"line":71,"column":2}},"7":{"start":{"line":32,"column":20},"end":{"line":32,"column":33}},"8":{"start":{"line":34,"column":8},"end":{"line":60,"column":9}},"9":{"start":{"line":35,"column":12},"end":{"line":39,"column":15}},"10":{"start":{"line":41,"column":12},"end":{"line":56,"column":13}},"11":{"start":{"line":43,"column":16},"end":{"line":55,"column":19}},"12":{"start":{"line":52,"column":20},"end":{"line":54,"column":23}},"13":{"start":{"line":53,"column":24},"end":{"line":53,"column":42}},"14":{"start":{"line":57,"column":12},"end":{"line":57,"column":69}},"15":{"start":{"line":59,"column":12},"end":{"line":59,"column":23}},"16":{"start":{"line":64,"column":8},"end":{"line":68,"column":11}},"17":{"start":{"line":69,"column":8},"end":{"line":69,"column":37}}},"fnMap":{"0":{"name":"(anonymous_0)","decl":{"start":{"line":13,"column":4},"end":{"line":13,"column":5}},"loc":{"start":{"line":13,"column":14},"end":{"line":20,"column":5}},"line":13},"1":{"name":"(anonymous_1)","decl":{"start":{"line":21,"column":4},"end":{"line":21,"column":5}},"loc":{"start":{"line":21,"column":13},"end":{"line":25,"column":5}},"line":21},"2":{"name":"(anonymous_2)","decl":{"start":{"line":30,"column":4},"end":{"line":30,"column":5}},"loc":{"start":{"line":30,"column":16},"end":{"line":61,"column":5}},"line":30},"3":{"name":"(anonymous_3)","decl":{"start":{"line":51,"column":23},"end":{"line":51,"column":24}},"loc":{"start":{"line":51,"column":29},"end":{"line":55,"column":17}},"line":51},"4":{"name":"(anonymous_4)","decl":{"start":{"line":52,"column":59},"end":{"line":52,"column":60}},"loc":{"start":{"line":52,"column":65},"end":{"line":54,"column":21}},"line":52},"5":{"name":"(anonymous_5)","decl":{"start":{"line":62,"column":4},"end":{"line":62,"column":5}},"loc":{"start":{"line":62,"column":13},"end":{"line":70,"column":5}},"line":62}},"branchMap":{"0":{"loc":{"start":{"line":15,"column":8},"end":{"line":18,"column":9}},"type":"if","locations":[{"start":{"line":15,"column":8},"end":{"line":18,"column":9}},{"start":{"line":15,"column":8},"end":{"line":18,"column":9}}],"line":15},"1":{"loc":{"start":{"line":34,"column":8},"end":{"line":60,"column":9}},"type":"if","locations":[{"start":{"line":34,"column":8},"end":{"line":60,"column":9}},{"start":{"line":34,"column":8},"end":{"line":60,"column":9}}],"line":34},"2":{"loc":{"start":{"line":36,"column":25},"end":{"line":36,"column":47}},"type":"binary-expr","locations":[{"start":{"line":36,"column":25},"end":{"line":36,"column":36}},{"start":{"line":36,"column":40},"end":{"line":36,"column":47}}],"line":36},"3":{"loc":{"start":{"line":41,"column":12},"end":{"line":56,"column":13}},"type":"if","locations":[{"start":{"line":41,"column":12},"end":{"line":56,"column":13}},{"start":{"line":41,"column":12},"end":{"line":56,"column":13}}],"line":41},"4":{"loc":{"start":{"line":41,"column":16},"end":{"line":41,"column":78}},"type":"binary-expr","locations":[{"start":{"line":41,"column":16},"end":{"line":41,"column":34}},{"start":{"line":41,"column":38},"end":{"line":41,"column":56}},{"start":{"line":41,"column":60},"end":{"line":41,"column":78}}],"line":41},"5":{"loc":{"start":{"line":57,"column":44},"end":{"line":57,"column":66}},"type":"binary-expr","locations":[{"start":{"line":57,"column":44},"end":{"line":57,"column":55}},{"start":{"line":57,"column":59},"end":{"line":57,"column":66}}],"line":57}},"s":{"0":0,"1":0,"2":0,"3":0,"4":0,"5":0,"6":0,"7":0,"8":0,"9":0,"10":0,"11":0,"12":0,"13":0,"14":0,"15":0,"16":0,"17":0},"f":{"0":0,"1":0,"2":0,"3":0,"4":0,"5":0},"b":{"0":[0,0],"1":[0,0],"2":[0,0],"3":[0,0],"4":[0,0,0],"5":[0,0]},"hash":"0e99ddfbc22a74ca72e47908fcead4031a968cc7"}
,"F:\\vuepj\\src\\views\\Home.vue": {"path":"F:\\vuepj\\src\\views\\Home.vue","statementMap":{"0":{"start":{"line":10,"column":0},"end":{"line":10,"column":null}}},"fnMap":{},"branchMap":{},"s":{"0":0},"f":{},"b":{}}
,"F:\\vuepj\\src\\views\\Login.vue": {"path":"F:\\vuepj\\src\\views\\Login.vue","statementMap":{"0":{"start":{"line":13,"column":0},"end":{"line":13,"column":null}},"1":{"start":{"line":19,"column":0},"end":{"line":28,"column":null}},"2":{"start":{"line":22,"column":0},"end":{"line":22,"column":null}},"3":{"start":{"line":27,"column":0},"end":{"line":27,"column":null}}},"fnMap":{"0":{"name":"(anonymous_1)","decl":{"start":{"line":12,"column":0},"end":{"line":12,"column":null}},"loc":{"start":{"line":12,"column":0},"end":{"line":16,"column":null}}},"1":{"name":"(anonymous_2)","decl":{"start":{"line":18,"column":0},"end":{"line":18,"column":null}},"loc":{"start":{"line":18,"column":0},"end":{"line":29,"column":null}}},"2":{"name":"(anonymous_3)","decl":{"start":{"line":20,"column":0},"end":{"line":20,"column":null}},"loc":{"start":{"line":20,"column":0},"end":{"line":25,"column":null}}},"3":{"name":"(anonymous_4)","decl":{"start":{"line":25,"column":0},"end":{"line":25,"column":null}},"loc":{"start":{"line":25,"column":0},"end":{"line":28,"column":null}}}},"branchMap":{"0":{"loc":{"start":{"line":23,"column":0},"end":{"line":23,"column":null}},"type":"binary-expr","locations":[{"start":{"line":23,"column":0},"end":{"line":23,"column":null}},{"start":{"line":23,"column":0},"end":{"line":23,"column":null}}]}},"s":{"0":0,"1":0,"2":0,"3":0},"f":{"0":0,"1":0,"2":0,"3":0},"b":{"0":[0,0]}}
}
